{"C:\\Users\\pfit\\Desktop\\Node\\index.js": {"path":"C:\\Users\\pfit\\Desktop\\Node\\index.js","statementMap":{"0":{"start":{"line":2,"column":16},"end":{"line":2,"column":34}},"1":{"start":{"line":4,"column":16},"end":{"line":4,"column":34}},"2":{"start":{"line":7,"column":12},"end":{"line":7,"column":21}},"3":{"start":{"line":8,"column":0},"end":{"line":8,"column":24}},"4":{"start":{"line":9,"column":0},"end":{"line":9,"column":32}},"5":{"start":{"line":10,"column":0},"end":{"line":10,"column":26}},"6":{"start":{"line":13,"column":0},"end":{"line":13,"column":34}},"7":{"start":{"line":34,"column":13},"end":{"line":34,"column":37}},"8":{"start":{"line":35,"column":15},"end":{"line":35,"column":83}},"9":{"start":{"line":35,"column":38},"end":{"line":35,"column":82}},"10":{"start":{"line":37,"column":0},"end":{"line":37,"column":24}}},"fnMap":{"0":{"name":"(anonymous_0)","decl":{"start":{"line":35,"column":32},"end":{"line":35,"column":33}},"loc":{"start":{"line":35,"column":38},"end":{"line":35,"column":82}},"line":35}},"branchMap":{"0":{"loc":{"start":{"line":34,"column":13},"end":{"line":34,"column":37}},"type":"binary-expr","locations":[{"start":{"line":34,"column":13},"end":{"line":34,"column":29}},{"start":{"line":34,"column":33},"end":{"line":34,"column":37}}],"line":34}},"s":{"0":3,"1":3,"2":3,"3":3,"4":3,"5":3,"6":3,"7":3,"8":3,"9":3,"10":3},"f":{"0":3},"b":{"0":[3,3]},"_coverageSchema":"332fd63041d2c1bcb487cc26dd0d5f7d97098a6c","hash":"f73fe4151999ffeab90d4c8284d792d76216807a"}
,"C:\\Users\\pfit\\Desktop\\Node\\middleware\\admin.js": {"path":"C:\\Users\\pfit\\Desktop\\Node\\middleware\\admin.js","statementMap":{"0":{"start":{"line":1,"column":0},"end":{"line":6,"column":1}},"1":{"start":{"line":3,"column":4},"end":{"line":3,"column":72}},"2":{"start":{"line":3,"column":26},"end":{"line":3,"column":72}},"3":{"start":{"line":5,"column":4},"end":{"line":5,"column":11}}},"fnMap":{"0":{"name":"(anonymous_0)","decl":{"start":{"line":1,"column":17},"end":{"line":1,"column":18}},"loc":{"start":{"line":1,"column":39},"end":{"line":6,"column":1}},"line":1}},"branchMap":{"0":{"loc":{"start":{"line":3,"column":4},"end":{"line":3,"column":72}},"type":"if","locations":[{"start":{"line":3,"column":4},"end":{"line":3,"column":72}},{"start":{"line":3,"column":4},"end":{"line":3,"column":72}}],"line":3}},"s":{"0":3,"1":5,"2":1,"3":4},"f":{"0":5},"b":{"0":[1,4]},"_coverageSchema":"332fd63041d2c1bcb487cc26dd0d5f7d97098a6c","hash":"5e38db0c0c0e27959d3998f5fbe11dc4199923c3"}
,"C:\\Users\\pfit\\Desktop\\Node\\middleware\\auth.js": {"path":"C:\\Users\\pfit\\Desktop\\Node\\middleware\\auth.js","statementMap":{"0":{"start":{"line":1,"column":12},"end":{"line":1,"column":35}},"1":{"start":{"line":2,"column":15},"end":{"line":2,"column":32}},"2":{"start":{"line":4,"column":0},"end":{"line":16,"column":1}},"3":{"start":{"line":5,"column":18},"end":{"line":5,"column":44}},"4":{"start":{"line":6,"column":4},"end":{"line":6,"column":78}},"5":{"start":{"line":6,"column":15},"end":{"line":6,"column":78}},"6":{"start":{"line":7,"column":4},"end":{"line":14,"column":5}},"7":{"start":{"line":8,"column":24},"end":{"line":8,"column":70}},"8":{"start":{"line":9,"column":8},"end":{"line":9,"column":27}},"9":{"start":{"line":10,"column":8},"end":{"line":10,"column":15}},"10":{"start":{"line":13,"column":8},"end":{"line":13,"column":47}}},"fnMap":{"0":{"name":"(anonymous_0)","decl":{"start":{"line":4,"column":17},"end":{"line":4,"column":18}},"loc":{"start":{"line":4,"column":39},"end":{"line":16,"column":1}},"line":4}},"branchMap":{"0":{"loc":{"start":{"line":6,"column":4},"end":{"line":6,"column":78}},"type":"if","locations":[{"start":{"line":6,"column":4},"end":{"line":6,"column":78}},{"start":{"line":6,"column":4},"end":{"line":6,"column":78}}],"line":6}},"s":{"0":4,"1":4,"2":4,"3":15,"4":15,"5":3,"6":12,"7":12,"8":11,"9":11,"10":1},"f":{"0":15},"b":{"0":[3,12]},"_coverageSchema":"332fd63041d2c1bcb487cc26dd0d5f7d97098a6c","hash":"792827d1a7fa92fb1102bbd76d443c02cc6724df"}
,"C:\\Users\\pfit\\Desktop\\Node\\middleware\\error.js": {"path":"C:\\Users\\pfit\\Desktop\\Node\\middleware\\error.js","statementMap":{"0":{"start":{"line":1,"column":16},"end":{"line":1,"column":34}},"1":{"start":{"line":2,"column":0},"end":{"line":13,"column":1}},"2":{"start":{"line":3,"column":4},"end":{"line":3,"column":36}},"3":{"start":{"line":12,"column":4},"end":{"line":12,"column":45}}},"fnMap":{"0":{"name":"(anonymous_0)","decl":{"start":{"line":2,"column":17},"end":{"line":2,"column":18}},"loc":{"start":{"line":2,"column":43},"end":{"line":13,"column":1}},"line":2}},"branchMap":{},"s":{"0":3,"1":3,"2":0,"3":0},"f":{"0":0},"b":{},"_coverageSchema":"332fd63041d2c1bcb487cc26dd0d5f7d97098a6c","hash":"6d73801934c8ca713e3e98fbea18073c522320a8"}
,"C:\\Users\\pfit\\Desktop\\Node\\models\\customer.model.js": {"path":"C:\\Users\\pfit\\Desktop\\Node\\models\\customer.model.js","statementMap":{"0":{"start":{"line":1,"column":12},"end":{"line":1,"column":26}},"1":{"start":{"line":2,"column":17},"end":{"line":2,"column":36}},"2":{"start":{"line":4,"column":23},"end":{"line":21,"column":2}},"3":{"start":{"line":23,"column":0},"end":{"line":23,"column":46}},"4":{"start":{"line":25,"column":17},"end":{"line":25,"column":60}},"5":{"start":{"line":28,"column":19},"end":{"line":33,"column":5}},"6":{"start":{"line":35,"column":4},"end":{"line":35,"column":42}},"7":{"start":{"line":38,"column":0},"end":{"line":38,"column":28}},"8":{"start":{"line":39,"column":0},"end":{"line":39,"column":44}}},"fnMap":{"0":{"name":"validateCustomer","decl":{"start":{"line":27,"column":9},"end":{"line":27,"column":25}},"loc":{"start":{"line":27,"column":36},"end":{"line":36,"column":1}},"line":27}},"branchMap":{},"s":{"0":3,"1":3,"2":3,"3":3,"4":3,"5":0,"6":0,"7":3,"8":3},"f":{"0":0},"b":{},"_coverageSchema":"332fd63041d2c1bcb487cc26dd0d5f7d97098a6c","hash":"6c2a8c3ae04c9a69b42402aa39284b7b56ad2a11"}
,"C:\\Users\\pfit\\Desktop\\Node\\models\\genre.model.js": {"path":"C:\\Users\\pfit\\Desktop\\Node\\models\\genre.model.js","statementMap":{"0":{"start":{"line":1,"column":12},"end":{"line":1,"column":26}},"1":{"start":{"line":2,"column":17},"end":{"line":2,"column":36}},"2":{"start":{"line":4,"column":20},"end":{"line":11,"column":4}},"3":{"start":{"line":15,"column":16},"end":{"line":15,"column":52}},"4":{"start":{"line":18,"column":19},"end":{"line":20,"column":5}},"5":{"start":{"line":22,"column":4},"end":{"line":22,"column":39}},"6":{"start":{"line":25,"column":2},"end":{"line":25,"column":36}},"7":{"start":{"line":26,"column":2},"end":{"line":26,"column":24}},"8":{"start":{"line":27,"column":2},"end":{"line":27,"column":40}}},"fnMap":{"0":{"name":"validateGenre","decl":{"start":{"line":17,"column":11},"end":{"line":17,"column":24}},"loc":{"start":{"line":17,"column":32},"end":{"line":23,"column":3}},"line":17}},"branchMap":{},"s":{"0":3,"1":3,"2":3,"3":3,"4":12,"5":12,"6":3,"7":3,"8":3},"f":{"0":12},"b":{},"_coverageSchema":"332fd63041d2c1bcb487cc26dd0d5f7d97098a6c","hash":"f9aa1f140c0aef981c5c1c96c0bbf6cd506a2f4e"}
,"C:\\Users\\pfit\\Desktop\\Node\\models\\movie.model.js": {"path":"C:\\Users\\pfit\\Desktop\\Node\\models\\movie.model.js","statementMap":{"0":{"start":{"line":1,"column":12},"end":{"line":1,"column":26}},"1":{"start":{"line":2,"column":17},"end":{"line":2,"column":36}},"2":{"start":{"line":3,"column":22},"end":{"line":3,"column":46}},"3":{"start":{"line":5,"column":14},"end":{"line":29,"column":3}},"4":{"start":{"line":32,"column":17},"end":{"line":37,"column":3}},"5":{"start":{"line":39,"column":2},"end":{"line":39,"column":37}},"6":{"start":{"line":42,"column":0},"end":{"line":42,"column":22}},"7":{"start":{"line":43,"column":0},"end":{"line":43,"column":33}}},"fnMap":{"0":{"name":"validateMovie","decl":{"start":{"line":31,"column":9},"end":{"line":31,"column":22}},"loc":{"start":{"line":31,"column":30},"end":{"line":40,"column":1}},"line":31}},"branchMap":{},"s":{"0":3,"1":3,"2":3,"3":3,"4":0,"5":0,"6":3,"7":3},"f":{"0":0},"b":{},"_coverageSchema":"332fd63041d2c1bcb487cc26dd0d5f7d97098a6c","hash":"cfaf57ff4749face0696296a9785ab03fdc9b94d"}
,"C:\\Users\\pfit\\Desktop\\Node\\models\\rental.model.js": {"path":"C:\\Users\\pfit\\Desktop\\Node\\models\\rental.model.js","statementMap":{"0":{"start":{"line":1,"column":12},"end":{"line":1,"column":26}},"1":{"start":{"line":2,"column":17},"end":{"line":2,"column":36}},"2":{"start":{"line":4,"column":15},"end":{"line":56,"column":3}},"3":{"start":{"line":59,"column":17},"end":{"line":62,"column":3}},"4":{"start":{"line":64,"column":2},"end":{"line":64,"column":38}},"5":{"start":{"line":67,"column":0},"end":{"line":67,"column":24}},"6":{"start":{"line":68,"column":0},"end":{"line":68,"column":34}}},"fnMap":{"0":{"name":"validateRental","decl":{"start":{"line":58,"column":9},"end":{"line":58,"column":23}},"loc":{"start":{"line":58,"column":32},"end":{"line":65,"column":1}},"line":58}},"branchMap":{},"s":{"0":3,"1":3,"2":3,"3":0,"4":0,"5":3,"6":3},"f":{"0":0},"b":{},"_coverageSchema":"332fd63041d2c1bcb487cc26dd0d5f7d97098a6c","hash":"01c81c89f445218b6176adcaaccb18cc6c8d4562"}
,"C:\\Users\\pfit\\Desktop\\Node\\models\\user.model.js": {"path":"C:\\Users\\pfit\\Desktop\\Node\\models\\user.model.js","statementMap":{"0":{"start":{"line":1,"column":15},"end":{"line":1,"column":32}},"1":{"start":{"line":2,"column":12},"end":{"line":2,"column":35}},"2":{"start":{"line":3,"column":12},"end":{"line":3,"column":26}},"3":{"start":{"line":4,"column":17},"end":{"line":4,"column":36}},"4":{"start":{"line":6,"column":19},"end":{"line":29,"column":4}},"5":{"start":{"line":31,"column":2},"end":{"line":34,"column":3}},"6":{"start":{"line":32,"column":16},"end":{"line":32,"column":93}},"7":{"start":{"line":33,"column":4},"end":{"line":33,"column":17}},"8":{"start":{"line":38,"column":15},"end":{"line":38,"column":49}},"9":{"start":{"line":41,"column":19},"end":{"line":45,"column":5}},"10":{"start":{"line":47,"column":4},"end":{"line":47,"column":38}},"11":{"start":{"line":50,"column":2},"end":{"line":50,"column":22}},"12":{"start":{"line":51,"column":2},"end":{"line":51,"column":38}}},"fnMap":{"0":{"name":"(anonymous_0)","decl":{"start":{"line":31,"column":41},"end":{"line":31,"column":42}},"loc":{"start":{"line":31,"column":51},"end":{"line":34,"column":3}},"line":31},"1":{"name":"validateUser","decl":{"start":{"line":40,"column":11},"end":{"line":40,"column":23}},"loc":{"start":{"line":40,"column":30},"end":{"line":48,"column":3}},"line":40}},"branchMap":{},"s":{"0":5,"1":5,"2":5,"3":5,"4":5,"5":5,"6":23,"7":23,"8":5,"9":0,"10":0,"11":5,"12":5},"f":{"0":23,"1":0},"b":{},"_coverageSchema":"332fd63041d2c1bcb487cc26dd0d5f7d97098a6c","hash":"45b89d9b7ccdf5909bd63f8f758f8a91bcded084"}
,"C:\\Users\\pfit\\Desktop\\Node\\routes\\auth.js": {"path":"C:\\Users\\pfit\\Desktop\\Node\\routes\\auth.js","statementMap":{"0":{"start":{"line":1,"column":15},"end":{"line":1,"column":32}},"1":{"start":{"line":2,"column":12},"end":{"line":2,"column":35}},"2":{"start":{"line":3,"column":12},"end":{"line":3,"column":26}},"3":{"start":{"line":4,"column":10},"end":{"line":4,"column":27}},"4":{"start":{"line":5,"column":15},"end":{"line":5,"column":32}},"5":{"start":{"line":6,"column":15},"end":{"line":6,"column":46}},"6":{"start":{"line":7,"column":16},"end":{"line":7,"column":34}},"7":{"start":{"line":8,"column":15},"end":{"line":8,"column":31}},"8":{"start":{"line":10,"column":0},"end":{"line":22,"column":5}},"9":{"start":{"line":11,"column":22},"end":{"line":11,"column":40}},"10":{"start":{"line":12,"column":4},"end":{"line":12,"column":69}},"11":{"start":{"line":12,"column":15},"end":{"line":12,"column":69}},"12":{"start":{"line":14,"column":14},"end":{"line":14,"column":51}},"13":{"start":{"line":15,"column":3},"end":{"line":15,"column":72}},"14":{"start":{"line":15,"column":14},"end":{"line":15,"column":72}},"15":{"start":{"line":16,"column":17},"end":{"line":16,"column":71}},"16":{"start":{"line":17,"column":3},"end":{"line":17,"column":72}},"17":{"start":{"line":17,"column":14},"end":{"line":17,"column":72}},"18":{"start":{"line":19,"column":17},"end":{"line":19,"column":41}},"19":{"start":{"line":21,"column":3},"end":{"line":21,"column":19}},"20":{"start":{"line":25,"column":19},"end":{"line":28,"column":5}},"21":{"start":{"line":30,"column":4},"end":{"line":30,"column":38}},"22":{"start":{"line":33,"column":2},"end":{"line":33,"column":26}}},"fnMap":{"0":{"name":"(anonymous_0)","decl":{"start":{"line":10,"column":17},"end":{"line":10,"column":18}},"loc":{"start":{"line":10,"column":37},"end":{"line":22,"column":3}},"line":10},"1":{"name":"validate","decl":{"start":{"line":24,"column":11},"end":{"line":24,"column":19}},"loc":{"start":{"line":24,"column":25},"end":{"line":31,"column":3}},"line":24}},"branchMap":{"0":{"loc":{"start":{"line":12,"column":4},"end":{"line":12,"column":69}},"type":"if","locations":[{"start":{"line":12,"column":4},"end":{"line":12,"column":69}},{"start":{"line":12,"column":4},"end":{"line":12,"column":69}}],"line":12},"1":{"loc":{"start":{"line":15,"column":3},"end":{"line":15,"column":72}},"type":"if","locations":[{"start":{"line":15,"column":3},"end":{"line":15,"column":72}},{"start":{"line":15,"column":3},"end":{"line":15,"column":72}}],"line":15},"2":{"loc":{"start":{"line":17,"column":3},"end":{"line":17,"column":72}},"type":"if","locations":[{"start":{"line":17,"column":3},"end":{"line":17,"column":72}},{"start":{"line":17,"column":3},"end":{"line":17,"column":72}}],"line":17}},"s":{"0":3,"1":3,"2":3,"3":3,"4":3,"5":3,"6":3,"7":3,"8":3,"9":0,"10":0,"11":0,"12":0,"13":0,"14":0,"15":0,"16":0,"17":0,"18":0,"19":0,"20":0,"21":0,"22":3},"f":{"0":0,"1":0},"b":{"0":[0,0],"1":[0,0],"2":[0,0]},"_coverageSchema":"332fd63041d2c1bcb487cc26dd0d5f7d97098a6c","hash":"8a0242cd76d2135802310fa1416b13c0b10f7eaf"}
,"C:\\Users\\pfit\\Desktop\\Node\\routes\\customers.js": {"path":"C:\\Users\\pfit\\Desktop\\Node\\routes\\customers.js","statementMap":{"0":{"start":{"line":1,"column":37},"end":{"line":1,"column":72}},"1":{"start":{"line":2,"column":16},"end":{"line":2,"column":34}},"2":{"start":{"line":3,"column":15},"end":{"line":3,"column":31}},"3":{"start":{"line":6,"column":0},"end":{"line":9,"column":3}},"4":{"start":{"line":7,"column":21},"end":{"line":7,"column":55}},"5":{"start":{"line":8,"column":4},"end":{"line":8,"column":23}},"6":{"start":{"line":11,"column":0},"end":{"line":23,"column":3}},"7":{"start":{"line":12,"column":22},"end":{"line":12,"column":48}},"8":{"start":{"line":13,"column":4},"end":{"line":13,"column":69}},"9":{"start":{"line":13,"column":15},"end":{"line":13,"column":69}},"10":{"start":{"line":15,"column":21},"end":{"line":19,"column":6}},"11":{"start":{"line":20,"column":4},"end":{"line":20,"column":26}},"12":{"start":{"line":22,"column":4},"end":{"line":22,"column":23}},"13":{"start":{"line":25,"column":0},"end":{"line":34,"column":3}},"14":{"start":{"line":26,"column":22},"end":{"line":26,"column":48}},"15":{"start":{"line":27,"column":4},"end":{"line":27,"column":69}},"16":{"start":{"line":27,"column":15},"end":{"line":27,"column":69}},"17":{"start":{"line":29,"column":21},"end":{"line":30,"column":79}},"18":{"start":{"line":32,"column":4},"end":{"line":32,"column":93}},"19":{"start":{"line":32,"column":19},"end":{"line":32,"column":93}},"20":{"start":{"line":33,"column":4},"end":{"line":33,"column":23}},"21":{"start":{"line":36,"column":0},"end":{"line":42,"column":3}},"22":{"start":{"line":38,"column":21},"end":{"line":38,"column":75}},"23":{"start":{"line":39,"column":4},"end":{"line":39,"column":93}},"24":{"start":{"line":39,"column":19},"end":{"line":39,"column":93}},"25":{"start":{"line":41,"column":4},"end":{"line":41,"column":23}},"26":{"start":{"line":44,"column":0},"end":{"line":48,"column":3}},"27":{"start":{"line":45,"column":21},"end":{"line":45,"column":66}},"28":{"start":{"line":46,"column":4},"end":{"line":46,"column":93}},"29":{"start":{"line":46,"column":19},"end":{"line":46,"column":93}},"30":{"start":{"line":47,"column":4},"end":{"line":47,"column":23}},"31":{"start":{"line":50,"column":0},"end":{"line":50,"column":24}}},"fnMap":{"0":{"name":"(anonymous_0)","decl":{"start":{"line":6,"column":16},"end":{"line":6,"column":17}},"loc":{"start":{"line":6,"column":36},"end":{"line":9,"column":1}},"line":6},"1":{"name":"(anonymous_1)","decl":{"start":{"line":11,"column":17},"end":{"line":11,"column":18}},"loc":{"start":{"line":11,"column":37},"end":{"line":23,"column":1}},"line":11},"2":{"name":"(anonymous_2)","decl":{"start":{"line":25,"column":19},"end":{"line":25,"column":20}},"loc":{"start":{"line":25,"column":39},"end":{"line":34,"column":1}},"line":25},"3":{"name":"(anonymous_3)","decl":{"start":{"line":36,"column":22},"end":{"line":36,"column":23}},"loc":{"start":{"line":36,"column":42},"end":{"line":42,"column":1}},"line":36},"4":{"name":"(anonymous_4)","decl":{"start":{"line":44,"column":19},"end":{"line":44,"column":20}},"loc":{"start":{"line":44,"column":39},"end":{"line":48,"column":1}},"line":44}},"branchMap":{"0":{"loc":{"start":{"line":13,"column":4},"end":{"line":13,"column":69}},"type":"if","locations":[{"start":{"line":13,"column":4},"end":{"line":13,"column":69}},{"start":{"line":13,"column":4},"end":{"line":13,"column":69}}],"line":13},"1":{"loc":{"start":{"line":27,"column":4},"end":{"line":27,"column":69}},"type":"if","locations":[{"start":{"line":27,"column":4},"end":{"line":27,"column":69}},{"start":{"line":27,"column":4},"end":{"line":27,"column":69}}],"line":27},"2":{"loc":{"start":{"line":32,"column":4},"end":{"line":32,"column":93}},"type":"if","locations":[{"start":{"line":32,"column":4},"end":{"line":32,"column":93}},{"start":{"line":32,"column":4},"end":{"line":32,"column":93}}],"line":32},"3":{"loc":{"start":{"line":39,"column":4},"end":{"line":39,"column":93}},"type":"if","locations":[{"start":{"line":39,"column":4},"end":{"line":39,"column":93}},{"start":{"line":39,"column":4},"end":{"line":39,"column":93}}],"line":39},"4":{"loc":{"start":{"line":46,"column":4},"end":{"line":46,"column":93}},"type":"if","locations":[{"start":{"line":46,"column":4},"end":{"line":46,"column":93}},{"start":{"line":46,"column":4},"end":{"line":46,"column":93}}],"line":46}},"s":{"0":3,"1":3,"2":3,"3":3,"4":0,"5":0,"6":3,"7":0,"8":0,"9":0,"10":0,"11":0,"12":0,"13":3,"14":0,"15":0,"16":0,"17":0,"18":0,"19":0,"20":0,"21":3,"22":0,"23":0,"24":0,"25":0,"26":3,"27":0,"28":0,"29":0,"30":0,"31":3},"f":{"0":0,"1":0,"2":0,"3":0,"4":0},"b":{"0":[0,0],"1":[0,0],"2":[0,0],"3":[0,0],"4":[0,0]},"_coverageSchema":"332fd63041d2c1bcb487cc26dd0d5f7d97098a6c","hash":"b9c78c7b46174db8038dc5154ac8695b66e940c6"}
,"C:\\Users\\pfit\\Desktop\\Node\\routes\\genres.js": {"path":"C:\\Users\\pfit\\Desktop\\Node\\routes\\genres.js","statementMap":{"0":{"start":{"line":1,"column":33},"end":{"line":1,"column":65}},"1":{"start":{"line":2,"column":17},"end":{"line":2,"column":36}},"2":{"start":{"line":3,"column":13},"end":{"line":3,"column":42}},"3":{"start":{"line":4,"column":14},"end":{"line":4,"column":44}},"4":{"start":{"line":6,"column":16},"end":{"line":6,"column":34}},"5":{"start":{"line":9,"column":15},"end":{"line":9,"column":31}},"6":{"start":{"line":12,"column":0},"end":{"line":17,"column":3}},"7":{"start":{"line":14,"column":19},"end":{"line":14,"column":50}},"8":{"start":{"line":15,"column":4},"end":{"line":15,"column":21}},"9":{"start":{"line":19,"column":0},"end":{"line":29,"column":3}},"10":{"start":{"line":21,"column":15},"end":{"line":21,"column":41}},"11":{"start":{"line":23,"column":20},"end":{"line":23,"column":43}},"12":{"start":{"line":24,"column":2},"end":{"line":24,"column":67}},"13":{"start":{"line":24,"column":13},"end":{"line":24,"column":67}},"14":{"start":{"line":26,"column":16},"end":{"line":26,"column":50}},"15":{"start":{"line":27,"column":2},"end":{"line":27,"column":21}},"16":{"start":{"line":28,"column":2},"end":{"line":28,"column":18}},"17":{"start":{"line":31,"column":0},"end":{"line":39,"column":3}},"18":{"start":{"line":32,"column":20},"end":{"line":32,"column":43}},"19":{"start":{"line":33,"column":2},"end":{"line":33,"column":67}},"20":{"start":{"line":33,"column":13},"end":{"line":33,"column":67}},"21":{"start":{"line":35,"column":16},"end":{"line":35,"column":100}},"22":{"start":{"line":37,"column":2},"end":{"line":37,"column":88}},"23":{"start":{"line":37,"column":14},"end":{"line":37,"column":88}},"24":{"start":{"line":38,"column":2},"end":{"line":38,"column":18}},"25":{"start":{"line":41,"column":0},"end":{"line":47,"column":3}},"26":{"start":{"line":43,"column":16},"end":{"line":43,"column":67}},"27":{"start":{"line":44,"column":2},"end":{"line":44,"column":88}},"28":{"start":{"line":44,"column":14},"end":{"line":44,"column":88}},"29":{"start":{"line":46,"column":2},"end":{"line":46,"column":18}},"30":{"start":{"line":49,"column":0},"end":{"line":57,"column":3}},"31":{"start":{"line":51,"column":2},"end":{"line":52,"column":50}},"32":{"start":{"line":52,"column":8},"end":{"line":52,"column":50}},"33":{"start":{"line":54,"column":16},"end":{"line":54,"column":58}},"34":{"start":{"line":55,"column":2},"end":{"line":55,"column":88}},"35":{"start":{"line":55,"column":14},"end":{"line":55,"column":88}},"36":{"start":{"line":56,"column":2},"end":{"line":56,"column":18}},"37":{"start":{"line":60,"column":0},"end":{"line":60,"column":24}}},"fnMap":{"0":{"name":"(anonymous_0)","decl":{"start":{"line":12,"column":15},"end":{"line":12,"column":16}},"loc":{"start":{"line":12,"column":41},"end":{"line":17,"column":1}},"line":12},"1":{"name":"(anonymous_1)","decl":{"start":{"line":19,"column":22},"end":{"line":19,"column":23}},"loc":{"start":{"line":19,"column":42},"end":{"line":29,"column":1}},"line":19},"2":{"name":"(anonymous_2)","decl":{"start":{"line":31,"column":19},"end":{"line":31,"column":20}},"loc":{"start":{"line":31,"column":39},"end":{"line":39,"column":1}},"line":31},"3":{"name":"(anonymous_3)","decl":{"start":{"line":41,"column":35},"end":{"line":41,"column":36}},"loc":{"start":{"line":41,"column":55},"end":{"line":47,"column":1}},"line":41},"4":{"name":"(anonymous_4)","decl":{"start":{"line":49,"column":19},"end":{"line":49,"column":20}},"loc":{"start":{"line":49,"column":39},"end":{"line":57,"column":1}},"line":49}},"branchMap":{"0":{"loc":{"start":{"line":24,"column":2},"end":{"line":24,"column":67}},"type":"if","locations":[{"start":{"line":24,"column":2},"end":{"line":24,"column":67}},{"start":{"line":24,"column":2},"end":{"line":24,"column":67}}],"line":24},"1":{"loc":{"start":{"line":33,"column":2},"end":{"line":33,"column":67}},"type":"if","locations":[{"start":{"line":33,"column":2},"end":{"line":33,"column":67}},{"start":{"line":33,"column":2},"end":{"line":33,"column":67}}],"line":33},"2":{"loc":{"start":{"line":37,"column":2},"end":{"line":37,"column":88}},"type":"if","locations":[{"start":{"line":37,"column":2},"end":{"line":37,"column":88}},{"start":{"line":37,"column":2},"end":{"line":37,"column":88}}],"line":37},"3":{"loc":{"start":{"line":44,"column":2},"end":{"line":44,"column":88}},"type":"if","locations":[{"start":{"line":44,"column":2},"end":{"line":44,"column":88}},{"start":{"line":44,"column":2},"end":{"line":44,"column":88}}],"line":44},"4":{"loc":{"start":{"line":51,"column":2},"end":{"line":52,"column":50}},"type":"if","locations":[{"start":{"line":51,"column":2},"end":{"line":52,"column":50}},{"start":{"line":51,"column":2},"end":{"line":52,"column":50}}],"line":51},"5":{"loc":{"start":{"line":55,"column":2},"end":{"line":55,"column":88}},"type":"if","locations":[{"start":{"line":55,"column":2},"end":{"line":55,"column":88}},{"start":{"line":55,"column":2},"end":{"line":55,"column":88}}],"line":55}},"s":{"0":3,"1":3,"2":3,"3":3,"4":3,"5":3,"6":3,"7":1,"8":1,"9":3,"10":5,"11":5,"12":5,"13":2,"14":3,"15":3,"16":3,"17":3,"18":7,"19":7,"20":2,"21":5,"22":4,"23":1,"24":3,"25":3,"26":4,"27":3,"28":1,"29":2,"30":3,"31":3,"32":1,"33":2,"34":2,"35":1,"36":1,"37":3},"f":{"0":1,"1":5,"2":7,"3":4,"4":3},"b":{"0":[2,3],"1":[2,5],"2":[1,3],"3":[1,2],"4":[1,2],"5":[1,1]},"_coverageSchema":"332fd63041d2c1bcb487cc26dd0d5f7d97098a6c","hash":"5c6acebb97835d94187d4ac0c44a4eab3aec4cb6"}
,"C:\\Users\\pfit\\Desktop\\Node\\routes\\movie.js": {"path":"C:\\Users\\pfit\\Desktop\\Node\\routes\\movie.js","statementMap":{"0":{"start":{"line":1,"column":28},"end":{"line":1,"column":60}},"1":{"start":{"line":2,"column":18},"end":{"line":2,"column":50}},"2":{"start":{"line":3,"column":17},"end":{"line":3,"column":36}},"3":{"start":{"line":4,"column":16},"end":{"line":4,"column":34}},"4":{"start":{"line":5,"column":15},"end":{"line":5,"column":31}},"5":{"start":{"line":7,"column":0},"end":{"line":10,"column":3}},"6":{"start":{"line":8,"column":17},"end":{"line":8,"column":48}},"7":{"start":{"line":9,"column":2},"end":{"line":9,"column":19}},"8":{"start":{"line":12,"column":0},"end":{"line":31,"column":3}},"9":{"start":{"line":13,"column":20},"end":{"line":13,"column":38}},"10":{"start":{"line":14,"column":2},"end":{"line":14,"column":67}},"11":{"start":{"line":14,"column":13},"end":{"line":14,"column":67}},"12":{"start":{"line":16,"column":16},"end":{"line":16,"column":54}},"13":{"start":{"line":17,"column":2},"end":{"line":17,"column":60}},"14":{"start":{"line":17,"column":14},"end":{"line":17,"column":60}},"15":{"start":{"line":19,"column":16},"end":{"line":27,"column":4}},"16":{"start":{"line":28,"column":2},"end":{"line":28,"column":21}},"17":{"start":{"line":30,"column":2},"end":{"line":30,"column":18}},"18":{"start":{"line":33,"column":0},"end":{"line":54,"column":3}},"19":{"start":{"line":34,"column":20},"end":{"line":34,"column":38}},"20":{"start":{"line":35,"column":2},"end":{"line":35,"column":67}},"21":{"start":{"line":35,"column":13},"end":{"line":35,"column":67}},"22":{"start":{"line":37,"column":16},"end":{"line":37,"column":54}},"23":{"start":{"line":38,"column":2},"end":{"line":38,"column":60}},"24":{"start":{"line":38,"column":14},"end":{"line":38,"column":60}},"25":{"start":{"line":40,"column":16},"end":{"line":49,"column":21}},"26":{"start":{"line":51,"column":2},"end":{"line":51,"column":88}},"27":{"start":{"line":51,"column":14},"end":{"line":51,"column":88}},"28":{"start":{"line":53,"column":2},"end":{"line":53,"column":18}},"29":{"start":{"line":56,"column":0},"end":{"line":62,"column":3}},"30":{"start":{"line":57,"column":16},"end":{"line":57,"column":60}},"31":{"start":{"line":59,"column":2},"end":{"line":59,"column":88}},"32":{"start":{"line":59,"column":14},"end":{"line":59,"column":88}},"33":{"start":{"line":61,"column":2},"end":{"line":61,"column":18}},"34":{"start":{"line":64,"column":0},"end":{"line":70,"column":3}},"35":{"start":{"line":65,"column":16},"end":{"line":65,"column":51}},"36":{"start":{"line":67,"column":2},"end":{"line":67,"column":88}},"37":{"start":{"line":67,"column":14},"end":{"line":67,"column":88}},"38":{"start":{"line":69,"column":2},"end":{"line":69,"column":18}},"39":{"start":{"line":72,"column":0},"end":{"line":72,"column":24}}},"fnMap":{"0":{"name":"(anonymous_0)","decl":{"start":{"line":7,"column":16},"end":{"line":7,"column":17}},"loc":{"start":{"line":7,"column":36},"end":{"line":10,"column":1}},"line":7},"1":{"name":"(anonymous_1)","decl":{"start":{"line":12,"column":17},"end":{"line":12,"column":18}},"loc":{"start":{"line":12,"column":37},"end":{"line":31,"column":1}},"line":12},"2":{"name":"(anonymous_2)","decl":{"start":{"line":33,"column":19},"end":{"line":33,"column":20}},"loc":{"start":{"line":33,"column":39},"end":{"line":54,"column":1}},"line":33},"3":{"name":"(anonymous_3)","decl":{"start":{"line":56,"column":22},"end":{"line":56,"column":23}},"loc":{"start":{"line":56,"column":42},"end":{"line":62,"column":1}},"line":56},"4":{"name":"(anonymous_4)","decl":{"start":{"line":64,"column":19},"end":{"line":64,"column":20}},"loc":{"start":{"line":64,"column":39},"end":{"line":70,"column":1}},"line":64}},"branchMap":{"0":{"loc":{"start":{"line":14,"column":2},"end":{"line":14,"column":67}},"type":"if","locations":[{"start":{"line":14,"column":2},"end":{"line":14,"column":67}},{"start":{"line":14,"column":2},"end":{"line":14,"column":67}}],"line":14},"1":{"loc":{"start":{"line":17,"column":2},"end":{"line":17,"column":60}},"type":"if","locations":[{"start":{"line":17,"column":2},"end":{"line":17,"column":60}},{"start":{"line":17,"column":2},"end":{"line":17,"column":60}}],"line":17},"2":{"loc":{"start":{"line":35,"column":2},"end":{"line":35,"column":67}},"type":"if","locations":[{"start":{"line":35,"column":2},"end":{"line":35,"column":67}},{"start":{"line":35,"column":2},"end":{"line":35,"column":67}}],"line":35},"3":{"loc":{"start":{"line":38,"column":2},"end":{"line":38,"column":60}},"type":"if","locations":[{"start":{"line":38,"column":2},"end":{"line":38,"column":60}},{"start":{"line":38,"column":2},"end":{"line":38,"column":60}}],"line":38},"4":{"loc":{"start":{"line":51,"column":2},"end":{"line":51,"column":88}},"type":"if","locations":[{"start":{"line":51,"column":2},"end":{"line":51,"column":88}},{"start":{"line":51,"column":2},"end":{"line":51,"column":88}}],"line":51},"5":{"loc":{"start":{"line":59,"column":2},"end":{"line":59,"column":88}},"type":"if","locations":[{"start":{"line":59,"column":2},"end":{"line":59,"column":88}},{"start":{"line":59,"column":2},"end":{"line":59,"column":88}}],"line":59},"6":{"loc":{"start":{"line":67,"column":2},"end":{"line":67,"column":88}},"type":"if","locations":[{"start":{"line":67,"column":2},"end":{"line":67,"column":88}},{"start":{"line":67,"column":2},"end":{"line":67,"column":88}}],"line":67}},"s":{"0":3,"1":3,"2":3,"3":3,"4":3,"5":3,"6":0,"7":0,"8":3,"9":0,"10":0,"11":0,"12":0,"13":0,"14":0,"15":0,"16":0,"17":0,"18":3,"19":0,"20":0,"21":0,"22":0,"23":0,"24":0,"25":0,"26":0,"27":0,"28":0,"29":3,"30":0,"31":0,"32":0,"33":0,"34":3,"35":0,"36":0,"37":0,"38":0,"39":3},"f":{"0":0,"1":0,"2":0,"3":0,"4":0},"b":{"0":[0,0],"1":[0,0],"2":[0,0],"3":[0,0],"4":[0,0],"5":[0,0],"6":[0,0]},"_coverageSchema":"332fd63041d2c1bcb487cc26dd0d5f7d97098a6c","hash":"dad43c5153fa7b7122241001c1732f3f707e6cdf"}
,"C:\\Users\\pfit\\Desktop\\Node\\routes\\rental.js": {"path":"C:\\Users\\pfit\\Desktop\\Node\\routes\\rental.js","statementMap":{"0":{"start":{"line":1,"column":29},"end":{"line":1,"column":62}},"1":{"start":{"line":2,"column":18},"end":{"line":2,"column":50}},"2":{"start":{"line":3,"column":21},"end":{"line":3,"column":56}},"3":{"start":{"line":4,"column":17},"end":{"line":4,"column":36}},"4":{"start":{"line":5,"column":16},"end":{"line":5,"column":34}},"5":{"start":{"line":6,"column":13},"end":{"line":6,"column":28}},"6":{"start":{"line":7,"column":15},"end":{"line":7,"column":31}},"7":{"start":{"line":9,"column":0},"end":{"line":9,"column":20}},"8":{"start":{"line":11,"column":0},"end":{"line":14,"column":3}},"9":{"start":{"line":12,"column":18},"end":{"line":12,"column":54}},"10":{"start":{"line":13,"column":2},"end":{"line":13,"column":20}},"11":{"start":{"line":16,"column":0},"end":{"line":54,"column":3}},"12":{"start":{"line":17,"column":20},"end":{"line":17,"column":38}},"13":{"start":{"line":18,"column":2},"end":{"line":18,"column":67}},"14":{"start":{"line":18,"column":13},"end":{"line":18,"column":67}},"15":{"start":{"line":20,"column":19},"end":{"line":20,"column":63}},"16":{"start":{"line":21,"column":2},"end":{"line":21,"column":66}},"17":{"start":{"line":21,"column":17},"end":{"line":21,"column":66}},"18":{"start":{"line":23,"column":16},"end":{"line":23,"column":54}},"19":{"start":{"line":24,"column":2},"end":{"line":24,"column":60}},"20":{"start":{"line":24,"column":14},"end":{"line":24,"column":60}},"21":{"start":{"line":26,"column":2},"end":{"line":26,"column":84}},"22":{"start":{"line":26,"column":33},"end":{"line":26,"column":84}},"23":{"start":{"line":28,"column":15},"end":{"line":39,"column":4}},"24":{"start":{"line":41,"column":2},"end":{"line":52,"column":3}},"25":{"start":{"line":42,"column":4},"end":{"line":47,"column":13}},"26":{"start":{"line":48,"column":4},"end":{"line":48,"column":21}},"27":{"start":{"line":51,"column":4},"end":{"line":51,"column":48}},"28":{"start":{"line":56,"column":0},"end":{"line":62,"column":3}},"29":{"start":{"line":57,"column":17},"end":{"line":57,"column":53}},"30":{"start":{"line":59,"column":2},"end":{"line":59,"column":90}},"31":{"start":{"line":59,"column":15},"end":{"line":59,"column":90}},"32":{"start":{"line":61,"column":2},"end":{"line":61,"column":19}},"33":{"start":{"line":64,"column":0},"end":{"line":64,"column":24}}},"fnMap":{"0":{"name":"(anonymous_0)","decl":{"start":{"line":11,"column":16},"end":{"line":11,"column":17}},"loc":{"start":{"line":11,"column":36},"end":{"line":14,"column":1}},"line":11},"1":{"name":"(anonymous_1)","decl":{"start":{"line":16,"column":17},"end":{"line":16,"column":18}},"loc":{"start":{"line":16,"column":37},"end":{"line":54,"column":1}},"line":16},"2":{"name":"(anonymous_2)","decl":{"start":{"line":56,"column":19},"end":{"line":56,"column":20}},"loc":{"start":{"line":56,"column":39},"end":{"line":62,"column":1}},"line":56}},"branchMap":{"0":{"loc":{"start":{"line":18,"column":2},"end":{"line":18,"column":67}},"type":"if","locations":[{"start":{"line":18,"column":2},"end":{"line":18,"column":67}},{"start":{"line":18,"column":2},"end":{"line":18,"column":67}}],"line":18},"1":{"loc":{"start":{"line":21,"column":2},"end":{"line":21,"column":66}},"type":"if","locations":[{"start":{"line":21,"column":2},"end":{"line":21,"column":66}},{"start":{"line":21,"column":2},"end":{"line":21,"column":66}}],"line":21},"2":{"loc":{"start":{"line":24,"column":2},"end":{"line":24,"column":60}},"type":"if","locations":[{"start":{"line":24,"column":2},"end":{"line":24,"column":60}},{"start":{"line":24,"column":2},"end":{"line":24,"column":60}}],"line":24},"3":{"loc":{"start":{"line":26,"column":2},"end":{"line":26,"column":84}},"type":"if","locations":[{"start":{"line":26,"column":2},"end":{"line":26,"column":84}},{"start":{"line":26,"column":2},"end":{"line":26,"column":84}}],"line":26},"4":{"loc":{"start":{"line":59,"column":2},"end":{"line":59,"column":90}},"type":"if","locations":[{"start":{"line":59,"column":2},"end":{"line":59,"column":90}},{"start":{"line":59,"column":2},"end":{"line":59,"column":90}}],"line":59}},"s":{"0":3,"1":3,"2":3,"3":3,"4":3,"5":3,"6":3,"7":3,"8":3,"9":0,"10":0,"11":3,"12":0,"13":0,"14":0,"15":0,"16":0,"17":0,"18":0,"19":0,"20":0,"21":0,"22":0,"23":0,"24":0,"25":0,"26":0,"27":0,"28":3,"29":0,"30":0,"31":0,"32":0,"33":3},"f":{"0":0,"1":0,"2":0},"b":{"0":[0,0],"1":[0,0],"2":[0,0],"3":[0,0],"4":[0,0]},"_coverageSchema":"332fd63041d2c1bcb487cc26dd0d5f7d97098a6c","hash":"2aaefe4943e25d71506dda8bf25eedf79082807f"}
,"C:\\Users\\pfit\\Desktop\\Node\\routes\\returns.js": {"path":"C:\\Users\\pfit\\Desktop\\Node\\routes\\returns.js","statementMap":{"0":{"start":{"line":1,"column":16},"end":{"line":1,"column":34}},"1":{"start":{"line":2,"column":15},"end":{"line":2,"column":31}},"2":{"start":{"line":4,"column":0},"end":{"line":9,"column":3}},"3":{"start":{"line":5,"column":3},"end":{"line":5,"column":86}},"4":{"start":{"line":5,"column":28},"end":{"line":5,"column":86}},"5":{"start":{"line":6,"column":3},"end":{"line":6,"column":80}},"6":{"start":{"line":6,"column":25},"end":{"line":6,"column":80}},"7":{"start":{"line":8,"column":4},"end":{"line":8,"column":41}},"8":{"start":{"line":11,"column":0},"end":{"line":11,"column":24}}},"fnMap":{"0":{"name":"(anonymous_0)","decl":{"start":{"line":4,"column":17},"end":{"line":4,"column":18}},"loc":{"start":{"line":4,"column":37},"end":{"line":9,"column":1}},"line":4}},"branchMap":{"0":{"loc":{"start":{"line":5,"column":3},"end":{"line":5,"column":86}},"type":"if","locations":[{"start":{"line":5,"column":3},"end":{"line":5,"column":86}},{"start":{"line":5,"column":3},"end":{"line":5,"column":86}}],"line":5},"1":{"loc":{"start":{"line":6,"column":3},"end":{"line":6,"column":80}},"type":"if","locations":[{"start":{"line":6,"column":3},"end":{"line":6,"column":80}},{"start":{"line":6,"column":3},"end":{"line":6,"column":80}}],"line":6}},"s":{"0":3,"1":3,"2":3,"3":1,"4":0,"5":1,"6":0,"7":1,"8":3},"f":{"0":1},"b":{"0":[0,1],"1":[0,1]},"_coverageSchema":"332fd63041d2c1bcb487cc26dd0d5f7d97098a6c","hash":"8893b32fe200b67b147e110f53b7190de52c7ee1"}
,"C:\\Users\\pfit\\Desktop\\Node\\routes\\users.js": {"path":"C:\\Users\\pfit\\Desktop\\Node\\routes\\users.js","statementMap":{"0":{"start":{"line":1,"column":13},"end":{"line":1,"column":42}},"1":{"start":{"line":2,"column":15},"end":{"line":2,"column":32}},"2":{"start":{"line":3,"column":12},"end":{"line":3,"column":35}},"3":{"start":{"line":4,"column":10},"end":{"line":4,"column":27}},"4":{"start":{"line":5,"column":15},"end":{"line":5,"column":32}},"5":{"start":{"line":6,"column":31},"end":{"line":6,"column":62}},"6":{"start":{"line":7,"column":16},"end":{"line":7,"column":34}},"7":{"start":{"line":8,"column":18},"end":{"line":8,"column":36}},"8":{"start":{"line":9,"column":15},"end":{"line":9,"column":31}},"9":{"start":{"line":11,"column":0},"end":{"line":14,"column":3}},"10":{"start":{"line":12,"column":15},"end":{"line":12,"column":68}},"11":{"start":{"line":13,"column":2},"end":{"line":13,"column":17}},"12":{"start":{"line":16,"column":0},"end":{"line":31,"column":3}},"13":{"start":{"line":17,"column":20},"end":{"line":17,"column":42}},"14":{"start":{"line":18,"column":2},"end":{"line":18,"column":67}},"15":{"start":{"line":18,"column":13},"end":{"line":18,"column":67}},"16":{"start":{"line":20,"column":14},"end":{"line":20,"column":53}},"17":{"start":{"line":21,"column":2},"end":{"line":21,"column":69}},"18":{"start":{"line":21,"column":13},"end":{"line":21,"column":69}},"19":{"start":{"line":23,"column":15},"end":{"line":23,"column":72}},"20":{"start":{"line":24,"column":15},"end":{"line":24,"column":39}},"21":{"start":{"line":25,"column":2},"end":{"line":25,"column":57}},"22":{"start":{"line":26,"column":2},"end":{"line":26,"column":20}},"23":{"start":{"line":29,"column":16},"end":{"line":29,"column":40}},"24":{"start":{"line":30,"column":2},"end":{"line":30,"column":81}},"25":{"start":{"line":33,"column":0},"end":{"line":33,"column":24}}},"fnMap":{"0":{"name":"(anonymous_0)","decl":{"start":{"line":11,"column":23},"end":{"line":11,"column":24}},"loc":{"start":{"line":11,"column":39},"end":{"line":14,"column":1}},"line":11},"1":{"name":"(anonymous_1)","decl":{"start":{"line":16,"column":17},"end":{"line":16,"column":18}},"loc":{"start":{"line":16,"column":37},"end":{"line":31,"column":1}},"line":16}},"branchMap":{"0":{"loc":{"start":{"line":18,"column":2},"end":{"line":18,"column":67}},"type":"if","locations":[{"start":{"line":18,"column":2},"end":{"line":18,"column":67}},{"start":{"line":18,"column":2},"end":{"line":18,"column":67}}],"line":18},"1":{"loc":{"start":{"line":21,"column":2},"end":{"line":21,"column":69}},"type":"if","locations":[{"start":{"line":21,"column":2},"end":{"line":21,"column":69}},{"start":{"line":21,"column":2},"end":{"line":21,"column":69}}],"line":21}},"s":{"0":3,"1":3,"2":3,"3":3,"4":3,"5":3,"6":3,"7":3,"8":3,"9":3,"10":0,"11":0,"12":3,"13":0,"14":0,"15":0,"16":0,"17":0,"18":0,"19":0,"20":0,"21":0,"22":0,"23":0,"24":0,"25":3},"f":{"0":0,"1":0},"b":{"0":[0,0],"1":[0,0]},"_coverageSchema":"332fd63041d2c1bcb487cc26dd0d5f7d97098a6c","hash":"3e32bb2349893293393f2e807e3bc43db976b295"}
,"C:\\Users\\pfit\\Desktop\\Node\\startup\\db.js": {"path":"C:\\Users\\pfit\\Desktop\\Node\\startup\\db.js","statementMap":{"0":{"start":{"line":1,"column":16},"end":{"line":1,"column":34}},"1":{"start":{"line":2,"column":17},"end":{"line":2,"column":36}},"2":{"start":{"line":3,"column":15},"end":{"line":3,"column":32}},"3":{"start":{"line":4,"column":0},"end":{"line":9,"column":1}},"4":{"start":{"line":5,"column":15},"end":{"line":5,"column":31}},"5":{"start":{"line":6,"column":4},"end":{"line":7,"column":55}},"6":{"start":{"line":7,"column":16},"end":{"line":7,"column":53}}},"fnMap":{"0":{"name":"(anonymous_0)","decl":{"start":{"line":4,"column":17},"end":{"line":4,"column":18}},"loc":{"start":{"line":4,"column":27},"end":{"line":9,"column":1}},"line":4},"1":{"name":"(anonymous_1)","decl":{"start":{"line":7,"column":10},"end":{"line":7,"column":11}},"loc":{"start":{"line":7,"column":16},"end":{"line":7,"column":53}},"line":7}},"branchMap":{},"s":{"0":3,"1":3,"2":3,"3":3,"4":3,"5":3,"6":3},"f":{"0":3,"1":3},"b":{},"_coverageSchema":"332fd63041d2c1bcb487cc26dd0d5f7d97098a6c","hash":"5c1b54e44951941e2f26ae112545a36d236f88ae"}
,"C:\\Users\\pfit\\Desktop\\Node\\startup\\route.js": {"path":"C:\\Users\\pfit\\Desktop\\Node\\startup\\route.js","statementMap":{"0":{"start":{"line":1,"column":16},"end":{"line":1,"column":34}},"1":{"start":{"line":2,"column":15},"end":{"line":2,"column":41}},"2":{"start":{"line":3,"column":16},"end":{"line":3,"column":43}},"3":{"start":{"line":4,"column":14},"end":{"line":4,"column":40}},"4":{"start":{"line":5,"column":13},"end":{"line":5,"column":38}},"5":{"start":{"line":7,"column":15},"end":{"line":7,"column":42}},"6":{"start":{"line":8,"column":18},"end":{"line":8,"column":48}},"7":{"start":{"line":9,"column":14},"end":{"line":9,"column":44}},"8":{"start":{"line":10,"column":16},"end":{"line":10,"column":44}},"9":{"start":{"line":11,"column":0},"end":{"line":24,"column":1}},"10":{"start":{"line":12,"column":4},"end":{"line":12,"column":28}},"11":{"start":{"line":13,"column":4},"end":{"line":13,"column":35}},"12":{"start":{"line":14,"column":4},"end":{"line":14,"column":41}},"13":{"start":{"line":15,"column":4},"end":{"line":15,"column":35}},"14":{"start":{"line":16,"column":4},"end":{"line":16,"column":37}},"15":{"start":{"line":17,"column":4},"end":{"line":17,"column":33}},"16":{"start":{"line":18,"column":4},"end":{"line":18,"column":31}},"17":{"start":{"line":19,"column":4},"end":{"line":19,"column":37}},"18":{"start":{"line":23,"column":4},"end":{"line":23,"column":19}}},"fnMap":{"0":{"name":"(anonymous_0)","decl":{"start":{"line":11,"column":17},"end":{"line":11,"column":18}},"loc":{"start":{"line":11,"column":32},"end":{"line":24,"column":1}},"line":11}},"branchMap":{},"s":{"0":3,"1":3,"2":3,"3":3,"4":3,"5":3,"6":3,"7":3,"8":3,"9":3,"10":3,"11":3,"12":3,"13":3,"14":3,"15":3,"16":3,"17":3,"18":3},"f":{"0":3},"b":{},"_coverageSchema":"332fd63041d2c1bcb487cc26dd0d5f7d97098a6c","hash":"6c007c8b2c3e2aa78668707fbb9a6187e946a496"}
,"C:\\Users\\pfit\\Desktop\\Node\\startup\\validation.js": {"path":"C:\\Users\\pfit\\Desktop\\Node\\startup\\validation.js","statementMap":{"0":{"start":{"line":1,"column":12},"end":{"line":1,"column":26}},"1":{"start":{"line":2,"column":0},"end":{"line":4,"column":1}},"2":{"start":{"line":3,"column":4},"end":{"line":3,"column":48}}},"fnMap":{"0":{"name":"(anonymous_0)","decl":{"start":{"line":2,"column":17},"end":{"line":2,"column":18}},"loc":{"start":{"line":2,"column":27},"end":{"line":4,"column":1}},"line":2}},"branchMap":{},"s":{"0":3,"1":3,"2":3},"f":{"0":3},"b":{},"_coverageSchema":"332fd63041d2c1bcb487cc26dd0d5f7d97098a6c","hash":"8934b4f17300fb315a2783df503f1f911b72b09c"}
}
