TN:
SF:C:\Users\pfit\Desktop\Node\index.js
FN:35,(anonymous_0)
FNF:1
FNH:1
FNDA:3,(anonymous_0)
DA:2,3
DA:4,3
DA:7,3
DA:8,3
DA:9,3
DA:10,3
DA:13,3
DA:34,3
DA:35,3
DA:37,3
LF:10
LH:10
BRDA:34,0,0,3
BRDA:34,0,1,3
BRF:2
BRH:2
end_of_record
TN:
SF:C:\Users\pfit\Desktop\Node\middleware\admin.js
FN:1,(anonymous_0)
FNF:1
FNH:1
FNDA:5,(anonymous_0)
DA:1,3
DA:3,5
DA:5,4
LF:3
LH:3
BRDA:3,0,0,1
BRDA:3,0,1,4
BRF:2
BRH:2
end_of_record
TN:
SF:C:\Users\pfit\Desktop\Node\middleware\auth.js
FN:4,(anonymous_0)
FNF:1
FNH:1
FNDA:15,(anonymous_0)
DA:1,4
DA:2,4
DA:4,4
DA:5,15
DA:6,15
DA:7,12
DA:8,12
DA:9,11
DA:10,11
DA:13,1
LF:10
LH:10
BRDA:6,0,0,3
BRDA:6,0,1,12
BRF:2
BRH:2
end_of_record
TN:
SF:C:\Users\pfit\Desktop\Node\middleware\error.js
FN:2,(anonymous_0)
FNF:1
FNH:0
FNDA:0,(anonymous_0)
DA:1,3
DA:2,3
DA:3,0
DA:12,0
LF:4
LH:2
BRF:0
BRH:0
end_of_record
TN:
SF:C:\Users\pfit\Desktop\Node\models\customer.model.js
FN:27,validateCustomer
FNF:1
FNH:0
FNDA:0,validateCustomer
DA:1,3
DA:2,3
DA:4,3
DA:23,3
DA:25,3
DA:28,0
DA:35,0
DA:38,3
DA:39,3
LF:9
LH:7
BRF:0
BRH:0
end_of_record
TN:
SF:C:\Users\pfit\Desktop\Node\models\genre.model.js
FN:17,validateGenre
FNF:1
FNH:1
FNDA:12,validateGenre
DA:1,3
DA:2,3
DA:4,3
DA:15,3
DA:18,12
DA:22,12
DA:25,3
DA:26,3
DA:27,3
LF:9
LH:9
BRF:0
BRH:0
end_of_record
TN:
SF:C:\Users\pfit\Desktop\Node\models\movie.model.js
FN:31,validateMovie
FNF:1
FNH:0
FNDA:0,validateMovie
DA:1,3
DA:2,3
DA:3,3
DA:5,3
DA:32,0
DA:39,0
DA:42,3
DA:43,3
LF:8
LH:6
BRF:0
BRH:0
end_of_record
TN:
SF:C:\Users\pfit\Desktop\Node\models\rental.model.js
FN:58,validateRental
FNF:1
FNH:0
FNDA:0,validateRental
DA:1,3
DA:2,3
DA:4,3
DA:59,0
DA:64,0
DA:67,3
DA:68,3
LF:7
LH:5
BRF:0
BRH:0
end_of_record
TN:
SF:C:\Users\pfit\Desktop\Node\models\user.model.js
FN:31,(anonymous_0)
FN:40,validateUser
FNF:2
FNH:1
FNDA:23,(anonymous_0)
FNDA:0,validateUser
DA:1,5
DA:2,5
DA:3,5
DA:4,5
DA:6,5
DA:31,5
DA:32,23
DA:33,23
DA:38,5
DA:41,0
DA:47,0
DA:50,5
DA:51,5
LF:13
LH:11
BRF:0
BRH:0
end_of_record
TN:
SF:C:\Users\pfit\Desktop\Node\routes\auth.js
FN:10,(anonymous_0)
FN:24,validate
FNF:2
FNH:0
FNDA:0,(anonymous_0)
FNDA:0,validate
DA:1,3
DA:2,3
DA:3,3
DA:4,3
DA:5,3
DA:6,3
DA:7,3
DA:8,3
DA:10,3
DA:11,0
DA:12,0
DA:14,0
DA:15,0
DA:16,0
DA:17,0
DA:19,0
DA:21,0
DA:25,0
DA:30,0
DA:33,3
LF:20
LH:10
BRDA:12,0,0,0
BRDA:12,0,1,0
BRDA:15,1,0,0
BRDA:15,1,1,0
BRDA:17,2,0,0
BRDA:17,2,1,0
BRF:6
BRH:0
end_of_record
TN:
SF:C:\Users\pfit\Desktop\Node\routes\customers.js
FN:6,(anonymous_0)
FN:11,(anonymous_1)
FN:25,(anonymous_2)
FN:36,(anonymous_3)
FN:44,(anonymous_4)
FNF:5
FNH:0
FNDA:0,(anonymous_0)
FNDA:0,(anonymous_1)
FNDA:0,(anonymous_2)
FNDA:0,(anonymous_3)
FNDA:0,(anonymous_4)
DA:1,3
DA:2,3
DA:3,3
DA:6,3
DA:7,0
DA:8,0
DA:11,3
DA:12,0
DA:13,0
DA:15,0
DA:20,0
DA:22,0
DA:25,3
DA:26,0
DA:27,0
DA:29,0
DA:32,0
DA:33,0
DA:36,3
DA:38,0
DA:39,0
DA:41,0
DA:44,3
DA:45,0
DA:46,0
DA:47,0
DA:50,3
LF:27
LH:9
BRDA:13,0,0,0
BRDA:13,0,1,0
BRDA:27,1,0,0
BRDA:27,1,1,0
BRDA:32,2,0,0
BRDA:32,2,1,0
BRDA:39,3,0,0
BRDA:39,3,1,0
BRDA:46,4,0,0
BRDA:46,4,1,0
BRF:10
BRH:0
end_of_record
TN:
SF:C:\Users\pfit\Desktop\Node\routes\genres.js
FN:12,(anonymous_0)
FN:19,(anonymous_1)
FN:31,(anonymous_2)
FN:41,(anonymous_3)
FN:49,(anonymous_4)
FNF:5
FNH:5
FNDA:1,(anonymous_0)
FNDA:5,(anonymous_1)
FNDA:7,(anonymous_2)
FNDA:4,(anonymous_3)
FNDA:3,(anonymous_4)
DA:1,3
DA:2,3
DA:3,3
DA:4,3
DA:6,3
DA:9,3
DA:12,3
DA:14,1
DA:15,1
DA:19,3
DA:21,5
DA:23,5
DA:24,5
DA:26,3
DA:27,3
DA:28,3
DA:31,3
DA:32,7
DA:33,7
DA:35,5
DA:37,4
DA:38,3
DA:41,3
DA:43,4
DA:44,3
DA:46,2
DA:49,3
DA:51,3
DA:52,1
DA:54,2
DA:55,2
DA:56,1
DA:60,3
LF:33
LH:33
BRDA:24,0,0,2
BRDA:24,0,1,3
BRDA:33,1,0,2
BRDA:33,1,1,5
BRDA:37,2,0,1
BRDA:37,2,1,3
BRDA:44,3,0,1
BRDA:44,3,1,2
BRDA:51,4,0,1
BRDA:51,4,1,2
BRDA:55,5,0,1
BRDA:55,5,1,1
BRF:12
BRH:12
end_of_record
TN:
SF:C:\Users\pfit\Desktop\Node\routes\movie.js
FN:7,(anonymous_0)
FN:12,(anonymous_1)
FN:33,(anonymous_2)
FN:56,(anonymous_3)
FN:64,(anonymous_4)
FNF:5
FNH:0
FNDA:0,(anonymous_0)
FNDA:0,(anonymous_1)
FNDA:0,(anonymous_2)
FNDA:0,(anonymous_3)
FNDA:0,(anonymous_4)
DA:1,3
DA:2,3
DA:3,3
DA:4,3
DA:5,3
DA:7,3
DA:8,0
DA:9,0
DA:12,3
DA:13,0
DA:14,0
DA:16,0
DA:17,0
DA:19,0
DA:28,0
DA:30,0
DA:33,3
DA:34,0
DA:35,0
DA:37,0
DA:38,0
DA:40,0
DA:51,0
DA:53,0
DA:56,3
DA:57,0
DA:59,0
DA:61,0
DA:64,3
DA:65,0
DA:67,0
DA:69,0
DA:72,3
LF:33
LH:11
BRDA:14,0,0,0
BRDA:14,0,1,0
BRDA:17,1,0,0
BRDA:17,1,1,0
BRDA:35,2,0,0
BRDA:35,2,1,0
BRDA:38,3,0,0
BRDA:38,3,1,0
BRDA:51,4,0,0
BRDA:51,4,1,0
BRDA:59,5,0,0
BRDA:59,5,1,0
BRDA:67,6,0,0
BRDA:67,6,1,0
BRF:14
BRH:0
end_of_record
TN:
SF:C:\Users\pfit\Desktop\Node\routes\rental.js
FN:11,(anonymous_0)
FN:16,(anonymous_1)
FN:56,(anonymous_2)
FNF:3
FNH:0
FNDA:0,(anonymous_0)
FNDA:0,(anonymous_1)
FNDA:0,(anonymous_2)
DA:1,3
DA:2,3
DA:3,3
DA:4,3
DA:5,3
DA:6,3
DA:7,3
DA:9,3
DA:11,3
DA:12,0
DA:13,0
DA:16,3
DA:17,0
DA:18,0
DA:20,0
DA:21,0
DA:23,0
DA:24,0
DA:26,0
DA:28,0
DA:41,0
DA:42,0
DA:48,0
DA:51,0
DA:56,3
DA:57,0
DA:59,0
DA:61,0
DA:64,3
LF:29
LH:12
BRDA:18,0,0,0
BRDA:18,0,1,0
BRDA:21,1,0,0
BRDA:21,1,1,0
BRDA:24,2,0,0
BRDA:24,2,1,0
BRDA:26,3,0,0
BRDA:26,3,1,0
BRDA:59,4,0,0
BRDA:59,4,1,0
BRF:10
BRH:0
end_of_record
TN:
SF:C:\Users\pfit\Desktop\Node\routes\returns.js
FN:4,(anonymous_0)
FNF:1
FNH:1
FNDA:1,(anonymous_0)
DA:1,3
DA:2,3
DA:4,3
DA:5,1
DA:6,1
DA:8,1
DA:11,3
LF:7
LH:7
BRDA:5,0,0,0
BRDA:5,0,1,1
BRDA:6,1,0,0
BRDA:6,1,1,1
BRF:4
BRH:2
end_of_record
TN:
SF:C:\Users\pfit\Desktop\Node\routes\users.js
FN:11,(anonymous_0)
FN:16,(anonymous_1)
FNF:2
FNH:0
FNDA:0,(anonymous_0)
FNDA:0,(anonymous_1)
DA:1,3
DA:2,3
DA:3,3
DA:4,3
DA:5,3
DA:6,3
DA:7,3
DA:8,3
DA:9,3
DA:11,3
DA:12,0
DA:13,0
DA:16,3
DA:17,0
DA:18,0
DA:20,0
DA:21,0
DA:23,0
DA:24,0
DA:25,0
DA:26,0
DA:29,0
DA:30,0
DA:33,3
LF:24
LH:12
BRDA:18,0,0,0
BRDA:18,0,1,0
BRDA:21,1,0,0
BRDA:21,1,1,0
BRF:4
BRH:0
end_of_record
TN:
SF:C:\Users\pfit\Desktop\Node\startup\db.js
FN:4,(anonymous_0)
FN:7,(anonymous_1)
FNF:2
FNH:2
FNDA:3,(anonymous_0)
FNDA:3,(anonymous_1)
DA:1,3
DA:2,3
DA:3,3
DA:4,3
DA:5,3
DA:6,3
DA:7,3
LF:7
LH:7
BRF:0
BRH:0
end_of_record
TN:
SF:C:\Users\pfit\Desktop\Node\startup\route.js
FN:11,(anonymous_0)
FNF:1
FNH:1
FNDA:3,(anonymous_0)
DA:1,3
DA:2,3
DA:3,3
DA:4,3
DA:5,3
DA:7,3
DA:8,3
DA:9,3
DA:10,3
DA:11,3
DA:12,3
DA:13,3
DA:14,3
DA:15,3
DA:16,3
DA:17,3
DA:18,3
DA:19,3
DA:23,3
LF:19
LH:19
BRF:0
BRH:0
end_of_record
TN:
SF:C:\Users\pfit\Desktop\Node\startup\validation.js
FN:2,(anonymous_0)
FNF:1
FNH:1
FNDA:3,(anonymous_0)
DA:1,3
DA:2,3
DA:3,3
LF:3
LH:3
BRF:0
BRH:0
end_of_record
